<?xml version="1.0" encoding="UTF-8"?>
<testsuite name="org.selenium.com.cucumberDemo.config.CucumberParallelRunnerByTestNG" tests="0" skipped="0" failures="0" errors="0" timestamp="1970-01-01T00:00:00" hostname="EPUAVINW0117" time="0.0">
  <properties/>
  <system-out><![CDATA[
0 Scenarios
0 Steps
0m0.000s


]]></system-out>
  <system-err><![CDATA[Dec 01, 2020 10:54:24 AM io.cucumber.junit.Cucumber <init>
WARNING: By default Cucumber is running in --non-strict mode.
This default will change to --strict and --non-strict will be removed.
You can use --strict or @CucumberOptions(strict = true) to suppress this warning
Dec 01, 2020 10:54:24 AM io.cucumber.core.runtime.FeaturePathFeatureSupplier get
WARNING: No features found at classpath:/org/selenium/com/cucumberDemo/config
]]></system-err>
</testsuite>
